<?xml version="1.0" encoding="UTF-8"?>
<testsuite xmlns:xsi="http://www.w3.org/2001/XMLSchema-instance" xsi:noNamespaceSchemaLocation="https://maven.apache.org/surefire/maven-failsafe-plugin/xsd/failsafe-test-report.xsd" name="edu.pdx.CS410J.tmassey.Project1IT" time="0.157" tests="1" errors="0" skipped="0" failures="0">
  <properties>
    <property name="gopherProxySet" value="false"/>
    <property name="awt.toolkit" value="sun.lwawt.macosx.LWCToolkit"/>
    <property name="java.specification.version" value="10"/>
    <property name="file.encoding.pkg" value="sun.io"/>
    <property name="sun.cpu.isalist" value=""/>
    <property name="sun.jnu.encoding" value="UTF-8"/>
    <property name="java.class.path" value="/Users/tommyrojo/Documents/school/cs/410J/phonebill/target/it-classes:/Users/tommyrojo/Documents/school/cs/410J/phonebill/target/phonebill-1.0-SNAPSHOT.jar:/Users/tommyrojo/.m2/repository/junit/junit/4.12/junit-4.12.jar:/Users/tommyrojo/.m2/repository/org/hamcrest/hamcrest-core/1.3/hamcrest-core-1.3.jar:/Users/tommyrojo/.m2/repository/edu/pdx/cs410J/projects/Summer2018/projects-Summer2018.jar:/Users/tommyrojo/.m2/repository/edu/pdx/cs410J/projects/Summer2018/projects-Summer2018-tests.jar:/Users/tommyrojo/Documents/school/cs/410J/phonebill/target/test-classes:"/>
    <property name="java.vm.vendor" value="&quot;Oracle Corporation&quot;"/>
    <property name="sun.arch.data.model" value="64"/>
    <property name="java.vendor.url" value="http://java.oracle.com/"/>
    <property name="user.timezone" value=""/>
    <property name="java.vm.specification.version" value="10"/>
    <property name="os.name" value="Mac OS X"/>
    <property name="sun.java.launcher" value="SUN_STANDARD"/>
    <property name="user.country" value="US"/>
    <property name="sun.boot.library.path" value="/Library/Java/JavaVirtualMachines/jdk-10.0.1.jdk/Contents/Home/lib"/>
    <property name="sun.java.command" value="/Users/tommyrojo/Documents/school/cs/410J/phonebill/target/surefire/surefirebooter8907051664473067232.jar /Users/tommyrojo/Documents/school/cs/410J/phonebill/target/surefire 2018-07-17T20-36-31_073-jvmRun1 surefire406635287534294851tmp surefire_010271807385408325082tmp"/>
    <property name="http.nonProxyHosts" value="local|*.local|169.254/16|*.169.254/16"/>
    <property name="jdk.debug" value="release"/>
    <property name="http.port" value=""/>
    <property name="surefire.test.class.path" value="/Users/tommyrojo/Documents/school/cs/410J/phonebill/target/it-classes:/Users/tommyrojo/Documents/school/cs/410J/phonebill/target/phonebill-1.0-SNAPSHOT.jar:/Users/tommyrojo/.m2/repository/junit/junit/4.12/junit-4.12.jar:/Users/tommyrojo/.m2/repository/org/hamcrest/hamcrest-core/1.3/hamcrest-core-1.3.jar:/Users/tommyrojo/.m2/repository/edu/pdx/cs410J/projects/Summer2018/projects-Summer2018.jar:/Users/tommyrojo/.m2/repository/edu/pdx/cs410J/projects/Summer2018/projects-Summer2018-tests.jar:/Users/tommyrojo/Documents/school/cs/410J/phonebill/target/test-classes:"/>
    <property name="sun.cpu.endian" value="little"/>
    <property name="user.home" value="/Users/tommyrojo"/>
    <property name="user.language" value="en"/>
    <property name="java.specification.vendor" value="Oracle Corporation"/>
    <property name="java.version.date" value="2018-04-17"/>
    <property name="java.home" value="/Library/Java/JavaVirtualMachines/jdk-10.0.1.jdk/Contents/Home"/>
    <property name="file.separator" value="/"/>
    <property name="basedir" value="/Users/tommyrojo/Documents/school/cs/410J/phonebill"/>
    <property name="java.vm.compressedOopsMode" value="Zero based"/>
    <property name="line.separator" value="&#10;"/>
    <property name="java.specification.name" value="Java Platform API Specification"/>
    <property name="java.vm.specification.vendor" value="Oracle Corporation"/>
    <property name="java.awt.graphicsenv" value="sun.awt.CGraphicsEnvironment"/>
    <property name="surefire.real.class.path" value="/Users/tommyrojo/Documents/school/cs/410J/phonebill/target/surefire/surefirebooter8907051664473067232.jar"/>
    <property name="sun.management.compiler" value="HotSpot 64-Bit Tiered Compilers"/>
    <property name="ftp.nonProxyHosts" value="local|*.local|169.254/16|*.169.254/16"/>
    <property name="java.runtime.version" value="10.0.1+10"/>
    <property name="user.name" value="tommyrojo"/>
    <property name="path.separator" value=":"/>
    <property name="os.version" value="10.11.6"/>
    <property name="java.runtime.name" value="Java(TM) SE Runtime Environment"/>
    <property name="file.encoding" value="UTF-8"/>
    <property name="java.vm.name" value="Java HotSpot(TM) 64-Bit Server VM"/>
    <property name="java.vendor.version" value="18.3"/>
    <property name="localRepository" value="/Users/tommyrojo/.m2/repository"/>
    <property name="java.vendor.url.bug" value="http://bugreport.java.com/bugreport/"/>
    <property name="java.io.tmpdir" value="/var/folders/qd/pxdhzls56d7bpw8r_1_0x1gh0000gn/T/"/>
    <property name="java.version" value="10.0.1"/>
    <property name="user.dir" value="/Users/tommyrojo/Documents/school/cs/410J/phonebill"/>
    <property name="os.arch" value="x86_64"/>
    <property name="java.vm.specification.name" value="Java Virtual Machine Specification"/>
    <property name="java.awt.printerjob" value="sun.lwawt.macosx.CPrinterJob"/>
    <property name="sun.os.patch.level" value="unknown"/>
    <property name="java.library.path" value="/Users/tommyrojo/Library/Java/Extensions:/Library/Java/Extensions:/Network/Library/Java/Extensions:/System/Library/Java/Extensions:/usr/lib/java:."/>
    <property name="java.vendor" value="Oracle Corporation"/>
    <property name="java.vm.info" value="mixed mode"/>
    <property name="java.vm.version" value="10.0.1+10"/>
    <property name="sun.io.unicode.encoding" value="UnicodeBig"/>
    <property name="java.class.version" value="54.0"/>
    <property name="socksNonProxyHosts" value="local|*.local|169.254/16|*.169.254/16"/>
  </properties>
  <testcase name="testNoCommandLineArguments" classname="edu.pdx.CS410J.tmassey.Project1IT" time="0.045"/>
</testsuite>